{"C:\\Users\\asree\\OneDrive\\Desktop\\password_generator\\backend\\index.js": {"path":"C:\\Users\\asree\\OneDrive\\Desktop\\password_generator\\backend\\index.js","statementMap":{"0":{"start":{"line":1,"column":16},"end":{"line":1,"column":34}},"1":{"start":{"line":2,"column":15},"end":{"line":2,"column":32}},"2":{"start":{"line":3,"column":19},"end":{"line":3,"column":54}},"3":{"start":{"line":4,"column":20},"end":{"line":4,"column":50}},"4":{"start":{"line":5,"column":0},"end":{"line":5,"column":16}},"5":{"start":{"line":6,"column":13},"end":{"line":6,"column":37}},"6":{"start":{"line":8,"column":12},"end":{"line":8,"column":21}},"7":{"start":{"line":9,"column":0},"end":{"line":9,"column":19}},"8":{"start":{"line":10,"column":0},"end":{"line":10,"column":24}},"9":{"start":{"line":12,"column":0},"end":{"line":12,"column":26}},"10":{"start":{"line":14,"column":0},"end":{"line":16,"column":3}},"11":{"start":{"line":15,"column":2},"end":{"line":15,"column":48}}},"fnMap":{"0":{"name":"(anonymous_0)","decl":{"start":{"line":14,"column":17},"end":{"line":14,"column":18}},"loc":{"start":{"line":14,"column":23},"end":{"line":16,"column":1}},"line":14}},"branchMap":{"0":{"loc":{"start":{"line":6,"column":13},"end":{"line":6,"column":37}},"type":"binary-expr","locations":[{"start":{"line":6,"column":13},"end":{"line":6,"column":29}},{"start":{"line":6,"column":33},"end":{"line":6,"column":37}}],"line":6}},"s":{"0":1,"1":1,"2":1,"3":1,"4":1,"5":1,"6":1,"7":1,"8":1,"9":1,"10":1,"11":1},"f":{"0":1},"b":{"0":[1,0]},"_coverageSchema":"1a1c01bbd47fc00a2c39e90264f33305004495a9","hash":"6cf1e4f01ddbe7a4d2dbdb491d305649ba4655d6"}
,"C:\\Users\\asree\\OneDrive\\Desktop\\password_generator\\backend\\controllers\\rootController.js": {"path":"C:\\Users\\asree\\OneDrive\\Desktop\\password_generator\\backend\\controllers\\rootController.js","statementMap":{"0":{"start":{"line":2,"column":2},"end":{"line":2,"column":49}},"1":{"start":{"line":5,"column":2},"end":{"line":5,"column":34}},"2":{"start":{"line":6,"column":69},"end":{"line":6,"column":77}},"3":{"start":{"line":8,"column":15},"end":{"line":8,"column":60}},"4":{"start":{"line":9,"column":20},"end":{"line":9,"column":52}},"5":{"start":{"line":10,"column":2},"end":{"line":79,"column":3}},"6":{"start":{"line":14,"column":4},"end":{"line":23,"column":5}},"7":{"start":{"line":15,"column":6},"end":{"line":15,"column":72}},"8":{"start":{"line":16,"column":11},"end":{"line":23,"column":5}},"9":{"start":{"line":22,"column":6},"end":{"line":22,"column":57}},"10":{"start":{"line":24,"column":20},"end":{"line":24,"column":22}},"11":{"start":{"line":25,"column":24},"end":{"line":25,"column":36}},"12":{"start":{"line":26,"column":23},"end":{"line":26,"column":51}},"13":{"start":{"line":27,"column":23},"end":{"line":27,"column":51}},"14":{"start":{"line":28,"column":25},"end":{"line":28,"column":53}},"15":{"start":{"line":30,"column":4},"end":{"line":68,"column":5}},"16":{"start":{"line":30,"column":17},"end":{"line":30,"column":18}},"17":{"start":{"line":31,"column":6},"end":{"line":31,"column":24}},"18":{"start":{"line":32,"column":6},"end":{"line":36,"column":7}},"19":{"start":{"line":32,"column":19},"end":{"line":32,"column":20}},"20":{"start":{"line":33,"column":8},"end":{"line":35,"column":10}},"21":{"start":{"line":38,"column":25},"end":{"line":38,"column":27}},"22":{"start":{"line":39,"column":6},"end":{"line":41,"column":46}},"23":{"start":{"line":40,"column":8},"end":{"line":40,"column":60}},"24":{"start":{"line":42,"column":6},"end":{"line":46,"column":7}},"25":{"start":{"line":42,"column":19},"end":{"line":42,"column":20}},"26":{"start":{"line":43,"column":8},"end":{"line":45,"column":10}},"27":{"start":{"line":47,"column":6},"end":{"line":49,"column":46}},"28":{"start":{"line":48,"column":8},"end":{"line":48,"column":60}},"29":{"start":{"line":50,"column":6},"end":{"line":50,"column":25}},"30":{"start":{"line":51,"column":6},"end":{"line":55,"column":7}},"31":{"start":{"line":51,"column":19},"end":{"line":51,"column":20}},"32":{"start":{"line":52,"column":8},"end":{"line":54,"column":10}},"33":{"start":{"line":56,"column":6},"end":{"line":56,"column":25}},"34":{"start":{"line":57,"column":6},"end":{"line":61,"column":7}},"35":{"start":{"line":57,"column":19},"end":{"line":57,"column":20}},"36":{"start":{"line":58,"column":8},"end":{"line":60,"column":10}},"37":{"start":{"line":62,"column":6},"end":{"line":63,"column":68}},"38":{"start":{"line":64,"column":22},"end":{"line":64,"column":48}},"39":{"start":{"line":65,"column":6},"end":{"line":67,"column":7}},"40":{"start":{"line":66,"column":8},"end":{"line":66,"column":32}},"41":{"start":{"line":69,"column":4},"end":{"line":72,"column":5}},"42":{"start":{"line":71,"column":6},"end":{"line":71,"column":38}},"43":{"start":{"line":74,"column":4},"end":{"line":74,"column":33}},"44":{"start":{"line":82,"column":16},"end":{"line":82,"column":32}},"45":{"start":{"line":83,"column":21},"end":{"line":83,"column":33}},"46":{"start":{"line":86,"column":2},"end":{"line":92,"column":3}},"47":{"start":{"line":87,"column":4},"end":{"line":87,"column":59}},"48":{"start":{"line":88,"column":4},"end":{"line":88,"column":22}},"49":{"start":{"line":89,"column":4},"end":{"line":89,"column":41}},"50":{"start":{"line":90,"column":4},"end":{"line":90,"column":45}},"51":{"start":{"line":91,"column":4},"end":{"line":91,"column":40}},"52":{"start":{"line":94,"column":15},"end":{"line":94,"column":17}},"53":{"start":{"line":95,"column":2},"end":{"line":97,"column":3}},"54":{"start":{"line":95,"column":15},"end":{"line":95,"column":16}},"55":{"start":{"line":96,"column":4},"end":{"line":96,"column":23}},"56":{"start":{"line":98,"column":2},"end":{"line":98,"column":16}},"57":{"start":{"line":100,"column":0},"end":{"line":103,"column":2}}},"fnMap":{"0":{"name":"willcomeToMyApp","decl":{"start":{"line":1,"column":9},"end":{"line":1,"column":24}},"loc":{"start":{"line":1,"column":35},"end":{"line":3,"column":1}},"line":1},"1":{"name":"generatePasswords","decl":{"start":{"line":4,"column":9},"end":{"line":4,"column":26}},"loc":{"start":{"line":4,"column":37},"end":{"line":80,"column":1}},"line":4},"2":{"name":"randomString","decl":{"start":{"line":81,"column":9},"end":{"line":81,"column":21}},"loc":{"start":{"line":81,"column":30},"end":{"line":99,"column":1}},"line":81}},"branchMap":{"0":{"loc":{"start":{"line":14,"column":4},"end":{"line":23,"column":5}},"type":"if","locations":[{"start":{"line":14,"column":4},"end":{"line":23,"column":5}},{"start":{"line":14,"column":4},"end":{"line":23,"column":5}}],"line":14},"1":{"loc":{"start":{"line":14,"column":8},"end":{"line":14,"column":40}},"type":"binary-expr","locations":[{"start":{"line":14,"column":8},"end":{"line":14,"column":21}},{"start":{"line":14,"column":25},"end":{"line":14,"column":40}}],"line":14},"2":{"loc":{"start":{"line":16,"column":11},"end":{"line":23,"column":5}},"type":"if","locations":[{"start":{"line":16,"column":11},"end":{"line":23,"column":5}},{"start":{"line":16,"column":11},"end":{"line":23,"column":5}}],"line":16},"3":{"loc":{"start":{"line":17,"column":6},"end":{"line":20,"column":20}},"type":"binary-expr","locations":[{"start":{"line":17,"column":6},"end":{"line":17,"column":16}},{"start":{"line":18,"column":6},"end":{"line":18,"column":18}},{"start":{"line":19,"column":6},"end":{"line":19,"column":22}},{"start":{"line":20,"column":6},"end":{"line":20,"column":20}}],"line":17},"4":{"loc":{"start":{"line":65,"column":6},"end":{"line":67,"column":7}},"type":"if","locations":[{"start":{"line":65,"column":6},"end":{"line":67,"column":7}},{"start":{"line":65,"column":6},"end":{"line":67,"column":7}}],"line":65},"5":{"loc":{"start":{"line":65,"column":10},"end":{"line":65,"column":57}},"type":"binary-expr","locations":[{"start":{"line":65,"column":10},"end":{"line":65,"column":19}},{"start":{"line":65,"column":23},"end":{"line":65,"column":37}},{"start":{"line":65,"column":41},"end":{"line":65,"column":57}}],"line":65},"6":{"loc":{"start":{"line":69,"column":4},"end":{"line":72,"column":5}},"type":"if","locations":[{"start":{"line":69,"column":4},"end":{"line":72,"column":5}},{"start":{"line":69,"column":4},"end":{"line":72,"column":5}}],"line":69}},"s":{"0":1,"1":1,"2":1,"3":1,"4":1,"5":1,"6":1,"7":0,"8":1,"9":0,"10":1,"11":1,"12":1,"13":1,"14":1,"15":1,"16":1,"17":4,"18":4,"19":4,"20":8,"21":4,"22":4,"23":4,"24":4,"25":4,"26":0,"27":4,"28":4,"29":4,"30":4,"31":4,"32":0,"33":4,"34":4,"35":4,"36":8,"37":4,"38":4,"39":4,"40":0,"41":1,"42":1,"43":0,"44":4,"45":4,"46":4,"47":16,"48":16,"49":16,"50":16,"51":16,"52":4,"53":4,"54":4,"55":16,"56":4,"57":1},"f":{"0":1,"1":1,"2":4},"b":{"0":[0,1],"1":[1,1],"2":[0,1],"3":[1,1,0,0],"4":[0,4],"5":[4,4,0],"6":[1,0]},"_coverageSchema":"1a1c01bbd47fc00a2c39e90264f33305004495a9","hash":"d28ef488cec35e28cd3aa55a662381df7c7ed7c1"}
,"C:\\Users\\asree\\OneDrive\\Desktop\\password_generator\\backend\\middlewares\\corsConfig.js": {"path":"C:\\Users\\asree\\OneDrive\\Desktop\\password_generator\\backend\\middlewares\\corsConfig.js","statementMap":{"0":{"start":{"line":1,"column":0},"end":{"line":9,"column":4}},"1":{"start":{"line":2,"column":4},"end":{"line":2,"column":54}},"2":{"start":{"line":3,"column":4},"end":{"line":6,"column":6}},"3":{"start":{"line":7,"column":4},"end":{"line":7,"column":76}},"4":{"start":{"line":8,"column":4},"end":{"line":8,"column":11}}},"fnMap":{"0":{"name":"(anonymous_0)","decl":{"start":{"line":1,"column":17},"end":{"line":1,"column":18}},"loc":{"start":{"line":1,"column":37},"end":{"line":9,"column":3}},"line":1}},"branchMap":{},"s":{"0":1,"1":2,"2":2,"3":2,"4":2},"f":{"0":2},"b":{},"_coverageSchema":"1a1c01bbd47fc00a2c39e90264f33305004495a9","hash":"a959917eb837aad72ad920a8f3faa9ddd80c2100"}
,"C:\\Users\\asree\\OneDrive\\Desktop\\password_generator\\backend\\routes\\rootRouter.js": {"path":"C:\\Users\\asree\\OneDrive\\Desktop\\password_generator\\backend\\routes\\rootRouter.js","statementMap":{"0":{"start":{"line":1,"column":16},"end":{"line":1,"column":34}},"1":{"start":{"line":2,"column":15},"end":{"line":2,"column":31}},"2":{"start":{"line":3,"column":27},"end":{"line":3,"column":67}},"3":{"start":{"line":5,"column":0},"end":{"line":7,"column":44}},"4":{"start":{"line":9,"column":0},"end":{"line":11,"column":41}},"5":{"start":{"line":13,"column":0},"end":{"line":13,"column":24}}},"fnMap":{},"branchMap":{},"s":{"0":1,"1":1,"2":1,"3":1,"4":1,"5":1},"f":{},"b":{},"_coverageSchema":"1a1c01bbd47fc00a2c39e90264f33305004495a9","hash":"98284e51699ae42ef84674c30b22443ebef1089f"}
}
