{"C:\\Users\\asree\\OneDrive\\Desktop\\Cognigy Code\\controllers\\rootController.js": {"path":"C:\\Users\\asree\\OneDrive\\Desktop\\Cognigy Code\\controllers\\rootController.js","statementMap":{"0":{"start":{"line":3,"column":24},"end":{"line":3,"column":42}},"1":{"start":{"line":4,"column":24},"end":{"line":4,"column":43}},"2":{"start":{"line":5,"column":16},"end":{"line":5,"column":34}},"3":{"start":{"line":6,"column":22},"end":{"line":6,"column":40}},"4":{"start":{"line":10,"column":2},"end":{"line":14,"column":3}},"5":{"start":{"line":11,"column":4},"end":{"line":13,"column":7}},"6":{"start":{"line":12,"column":6},"end":{"line":12,"column":26}},"7":{"start":{"line":15,"column":2},"end":{"line":15,"column":14}},"8":{"start":{"line":18,"column":69},"end":{"line":18,"column":79}},"9":{"start":{"line":19,"column":23},"end":{"line":19,"column":56}},"10":{"start":{"line":20,"column":2},"end":{"line":84,"column":3}},"11":{"start":{"line":21,"column":4},"end":{"line":22,"column":77}},"12":{"start":{"line":22,"column":6},"end":{"line":22,"column":77}},"13":{"start":{"line":23,"column":4},"end":{"line":29,"column":5}},"14":{"start":{"line":24,"column":6},"end":{"line":28,"column":10}},"15":{"start":{"line":31,"column":24},"end":{"line":31,"column":36}},"16":{"start":{"line":32,"column":23},"end":{"line":32,"column":51}},"17":{"start":{"line":33,"column":23},"end":{"line":33,"column":51}},"18":{"start":{"line":34,"column":25},"end":{"line":34,"column":38}},"19":{"start":{"line":35,"column":20},"end":{"line":35,"column":22}},"20":{"start":{"line":36,"column":4},"end":{"line":70,"column":5}},"21":{"start":{"line":36,"column":17},"end":{"line":36,"column":18}},"22":{"start":{"line":37,"column":6},"end":{"line":37,"column":24}},"23":{"start":{"line":38,"column":6},"end":{"line":42,"column":7}},"24":{"start":{"line":38,"column":19},"end":{"line":38,"column":20}},"25":{"start":{"line":39,"column":8},"end":{"line":41,"column":10}},"26":{"start":{"line":43,"column":6},"end":{"line":43,"column":24}},"27":{"start":{"line":44,"column":6},"end":{"line":44,"column":51}},"28":{"start":{"line":45,"column":6},"end":{"line":49,"column":7}},"29":{"start":{"line":45,"column":19},"end":{"line":45,"column":20}},"30":{"start":{"line":46,"column":8},"end":{"line":48,"column":10}},"31":{"start":{"line":50,"column":6},"end":{"line":50,"column":51}},"32":{"start":{"line":51,"column":6},"end":{"line":51,"column":25}},"33":{"start":{"line":52,"column":6},"end":{"line":56,"column":7}},"34":{"start":{"line":52,"column":19},"end":{"line":52,"column":20}},"35":{"start":{"line":53,"column":8},"end":{"line":55,"column":10}},"36":{"start":{"line":57,"column":6},"end":{"line":57,"column":25}},"37":{"start":{"line":58,"column":6},"end":{"line":62,"column":7}},"38":{"start":{"line":58,"column":19},"end":{"line":58,"column":20}},"39":{"start":{"line":59,"column":8},"end":{"line":61,"column":10}},"40":{"start":{"line":63,"column":6},"end":{"line":64,"column":68}},"41":{"start":{"line":65,"column":6},"end":{"line":68,"column":8}},"42":{"start":{"line":69,"column":6},"end":{"line":69,"column":35}},"43":{"start":{"line":71,"column":4},"end":{"line":75,"column":5}},"44":{"start":{"line":72,"column":6},"end":{"line":72,"column":26}},"45":{"start":{"line":74,"column":6},"end":{"line":74,"column":41}},"46":{"start":{"line":77,"column":4},"end":{"line":80,"column":6}},"47":{"start":{"line":81,"column":4},"end":{"line":83,"column":77}},"48":{"start":{"line":86,"column":4},"end":{"line":86,"column":11}},"49":{"start":{"line":90,"column":2},"end":{"line":93,"column":4}},"50":{"start":{"line":94,"column":2},"end":{"line":99,"column":3}},"51":{"start":{"line":94,"column":15},"end":{"line":94,"column":31}},"52":{"start":{"line":95,"column":12},"end":{"line":95,"column":47}},"53":{"start":{"line":96,"column":15},"end":{"line":96,"column":23}},"54":{"start":{"line":97,"column":4},"end":{"line":97,"column":24}},"55":{"start":{"line":98,"column":4},"end":{"line":98,"column":20}},"56":{"start":{"line":100,"column":2},"end":{"line":100,"column":15}},"57":{"start":{"line":190,"column":21},"end":{"line":192,"column":1}},"58":{"start":{"line":191,"column":2},"end":{"line":191,"column":24}},"59":{"start":{"line":194,"column":0},"end":{"line":198,"column":2}}},"fnMap":{"0":{"name":"arrayRange","decl":{"start":{"line":9,"column":9},"end":{"line":9,"column":19}},"loc":{"start":{"line":9,"column":41},"end":{"line":16,"column":1}},"line":9},"1":{"name":"(anonymous_1)","decl":{"start":{"line":11,"column":52},"end":{"line":11,"column":53}},"loc":{"start":{"line":11,"column":62},"end":{"line":13,"column":5}},"line":11},"2":{"name":"generatePasswords2","decl":{"start":{"line":17,"column":9},"end":{"line":17,"column":27}},"loc":{"start":{"line":17,"column":44},"end":{"line":87,"column":1}},"line":17},"3":{"name":"shuffleArray","decl":{"start":{"line":89,"column":9},"end":{"line":89,"column":21}},"loc":{"start":{"line":89,"column":29},"end":{"line":101,"column":1}},"line":89},"4":{"name":"(anonymous_4)","decl":{"start":{"line":190,"column":21},"end":{"line":190,"column":22}},"loc":{"start":{"line":190,"column":41},"end":{"line":192,"column":1}},"line":190}},"branchMap":{"0":{"loc":{"start":{"line":10,"column":2},"end":{"line":14,"column":3}},"type":"if","locations":[{"start":{"line":10,"column":2},"end":{"line":14,"column":3}},{"start":{"line":10,"column":2},"end":{"line":14,"column":3}}],"line":10},"1":{"loc":{"start":{"line":10,"column":6},"end":{"line":10,"column":27}},"type":"binary-expr","locations":[{"start":{"line":10,"column":6},"end":{"line":10,"column":14}},{"start":{"line":10,"column":18},"end":{"line":10,"column":27}}],"line":10},"2":{"loc":{"start":{"line":21,"column":11},"end":{"line":21,"column":73}},"type":"binary-expr","locations":[{"start":{"line":21,"column":11},"end":{"line":21,"column":27}},{"start":{"line":21,"column":31},"end":{"line":21,"column":49}},{"start":{"line":21,"column":53},"end":{"line":21,"column":73}}],"line":21},"3":{"loc":{"start":{"line":23,"column":4},"end":{"line":29,"column":5}},"type":"if","locations":[{"start":{"line":23,"column":4},"end":{"line":29,"column":5}},{"start":{"line":23,"column":4},"end":{"line":29,"column":5}}],"line":23},"4":{"loc":{"start":{"line":23,"column":8},"end":{"line":23,"column":72}},"type":"binary-expr","locations":[{"start":{"line":23,"column":8},"end":{"line":23,"column":18}},{"start":{"line":23,"column":22},"end":{"line":23,"column":34}},{"start":{"line":23,"column":38},"end":{"line":23,"column":54}},{"start":{"line":23,"column":58},"end":{"line":23,"column":72}}],"line":23},"5":{"loc":{"start":{"line":71,"column":4},"end":{"line":75,"column":5}},"type":"if","locations":[{"start":{"line":71,"column":4},"end":{"line":75,"column":5}},{"start":{"line":71,"column":4},"end":{"line":75,"column":5}}],"line":71}},"s":{"0":1,"1":1,"2":1,"3":1,"4":4,"5":4,"6":72,"7":0,"8":1,"9":0,"10":0,"11":0,"12":0,"13":0,"14":0,"15":0,"16":0,"17":0,"18":0,"19":0,"20":0,"21":0,"22":0,"23":0,"24":0,"25":0,"26":0,"27":0,"28":0,"29":0,"30":0,"31":0,"32":0,"33":0,"34":0,"35":0,"36":0,"37":0,"38":0,"39":0,"40":0,"41":0,"42":0,"43":0,"44":0,"45":0,"46":0,"47":0,"48":0,"49":0,"50":0,"51":0,"52":0,"53":0,"54":0,"55":0,"56":0,"57":1,"58":0,"59":1},"f":{"0":4,"1":72,"2":1,"3":0,"4":0},"b":{"0":[4,0],"1":[4,4],"2":[0,0,0],"3":[0,0],"4":[0,0,0,0],"5":[0,0]},"_coverageSchema":"1a1c01bbd47fc00a2c39e90264f33305004495a9","hash":"ddf0f66bc255069377eaf16c257ad0e4b79e55ba"}
}
