TN:
SF:controllers\rootController.js
FN:9,arrayRange
FN:11,(anonymous_1)
FN:17,generatePasswords2
FN:89,shuffleArray
FN:190,(anonymous_4)
FNF:5
FNH:3
FNDA:4,arrayRange
FNDA:72,(anonymous_1)
FNDA:1,generatePasswords2
FNDA:0,shuffleArray
FNDA:0,(anonymous_4)
DA:3,1
DA:4,1
DA:5,1
DA:6,1
DA:10,4
DA:11,4
DA:12,72
DA:15,0
DA:18,1
DA:19,0
DA:20,0
DA:21,0
DA:22,0
DA:23,0
DA:24,0
DA:31,0
DA:32,0
DA:33,0
DA:34,0
DA:35,0
DA:36,0
DA:37,0
DA:38,0
DA:39,0
DA:43,0
DA:44,0
DA:45,0
DA:46,0
DA:50,0
DA:51,0
DA:52,0
DA:53,0
DA:57,0
DA:58,0
DA:59,0
DA:63,0
DA:65,0
DA:69,0
DA:71,0
DA:72,0
DA:74,0
DA:77,0
DA:81,0
DA:86,0
DA:90,0
DA:94,0
DA:95,0
DA:96,0
DA:97,0
DA:98,0
DA:100,0
DA:190,1
DA:191,0
DA:194,1
LF:54
LH:10
BRDA:10,0,0,4
BRDA:10,0,1,0
BRDA:10,1,0,4
BRDA:10,1,1,4
BRDA:21,2,0,0
BRDA:21,2,1,0
BRDA:21,2,2,0
BRDA:23,3,0,0
BRDA:23,3,1,0
BRDA:23,4,0,0
BRDA:23,4,1,0
BRDA:23,4,2,0
BRDA:23,4,3,0
BRDA:71,5,0,0
BRDA:71,5,1,0
BRF:15
BRH:3
end_of_record
