TN:
SF:index.js
FN:14,(anonymous_0)
FNF:1
FNH:1
FNDA:1,(anonymous_0)
DA:1,1
DA:2,1
DA:3,1
DA:4,1
DA:5,1
DA:6,1
DA:8,1
DA:9,1
DA:10,1
DA:12,1
DA:14,1
DA:15,1
LF:12
LH:12
BRDA:6,0,0,1
BRDA:6,0,1,0
BRF:2
BRH:1
end_of_record
TN:
SF:controllers\rootController.js
FN:1,willcomeToMyApp
FN:4,generatePasswords
FN:81,randomString
FNF:3
FNH:3
FNDA:1,willcomeToMyApp
FNDA:1,generatePasswords
FNDA:4,randomString
DA:2,1
DA:5,1
DA:6,1
DA:8,1
DA:9,1
DA:10,1
DA:14,1
DA:15,0
DA:16,1
DA:22,0
DA:24,1
DA:25,1
DA:26,1
DA:27,1
DA:28,1
DA:30,1
DA:31,4
DA:32,4
DA:33,8
DA:38,4
DA:39,4
DA:40,4
DA:42,4
DA:43,0
DA:47,4
DA:48,4
DA:50,4
DA:51,4
DA:52,0
DA:56,4
DA:57,4
DA:58,8
DA:62,4
DA:64,4
DA:65,4
DA:66,0
DA:69,1
DA:71,1
DA:74,0
DA:82,4
DA:83,4
DA:86,4
DA:87,16
DA:88,16
DA:89,16
DA:90,16
DA:91,16
DA:94,4
DA:95,4
DA:96,16
DA:98,4
DA:100,1
LF:52
LH:46
BRDA:14,0,0,0
BRDA:14,0,1,1
BRDA:14,1,0,1
BRDA:14,1,1,1
BRDA:16,2,0,0
BRDA:16,2,1,1
BRDA:17,3,0,1
BRDA:17,3,1,1
BRDA:17,3,2,0
BRDA:17,3,3,0
BRDA:65,4,0,0
BRDA:65,4,1,4
BRDA:65,5,0,4
BRDA:65,5,1,4
BRDA:65,5,2,0
BRDA:69,6,0,1
BRDA:69,6,1,0
BRF:17
BRH:10
end_of_record
TN:
SF:middlewares\corsConfig.js
FN:1,(anonymous_0)
FNF:1
FNH:1
FNDA:2,(anonymous_0)
DA:1,1
DA:2,2
DA:3,2
DA:7,2
DA:8,2
LF:5
LH:5
BRF:0
BRH:0
end_of_record
TN:
SF:routes\rootRouter.js
FNF:0
FNH:0
DA:1,1
DA:2,1
DA:3,1
DA:5,1
DA:9,1
DA:13,1
LF:6
LH:6
BRF:0
BRH:0
end_of_record
